Vivado Simulator v2021.2
Copyright 1986-1999, 2001-2021 Xilinx, Inc. All Rights Reserved.
Running: E:/Program/Xilinx/Vivado/2021.2/bin/unwrapped/win64.o/xelab.exe --incr --debug typical --relax --mt 2 -L xil_defaultlib -L uvm -L unisims_ver -L unimacro_ver -L secureip --snapshot router_test_top_behav xil_defaultlib.router_test_top xil_defaultlib.glbl -log elaborate.log 
Using 2 slave threads.
Starting static elaboration
Pass Through NonSizing Optimizer
WARNING: [VRFC 10-3245] cycle delay operator requires a default clocking to be specified [E:/CE409/ASIC-Verification-Methodology/Router/Router.srcs/sim_1/new/test.sv:35]
WARNING: [VRFC 10-3705] select index 5 into 'header' is out of bounds [E:/CE409/ASIC-Verification-Methodology/Router/Router.srcs/sources_1/new/switch.v:73]
WARNING: [VRFC 10-3705] select index 6 into 'header' is out of bounds [E:/CE409/ASIC-Verification-Methodology/Router/Router.srcs/sources_1/new/switch.v:75]
WARNING: [VRFC 10-3705] select index 7 into 'header' is out of bounds [E:/CE409/ASIC-Verification-Methodology/Router/Router.srcs/sources_1/new/switch.v:77]
WARNING: [VRFC 10-3705] select index 8 into 'header' is out of bounds [E:/CE409/ASIC-Verification-Methodology/Router/Router.srcs/sources_1/new/switch.v:79]
WARNING: [VRFC 10-3705] select index 9 into 'header' is out of bounds [E:/CE409/ASIC-Verification-Methodology/Router/Router.srcs/sources_1/new/switch.v:81]
WARNING: [VRFC 10-3705] select index 10 into 'header' is out of bounds [E:/CE409/ASIC-Verification-Methodology/Router/Router.srcs/sources_1/new/switch.v:83]
WARNING: [VRFC 10-3705] select index 11 into 'header' is out of bounds [E:/CE409/ASIC-Verification-Methodology/Router/Router.srcs/sources_1/new/switch.v:85]
WARNING: [VRFC 10-3705] select index 12 into 'header' is out of bounds [E:/CE409/ASIC-Verification-Methodology/Router/Router.srcs/sources_1/new/switch.v:87]
WARNING: [VRFC 10-3705] select index 13 into 'header' is out of bounds [E:/CE409/ASIC-Verification-Methodology/Router/Router.srcs/sources_1/new/switch.v:89]
WARNING: [VRFC 10-3705] select index 14 into 'header' is out of bounds [E:/CE409/ASIC-Verification-Methodology/Router/Router.srcs/sources_1/new/switch.v:91]
WARNING: [VRFC 10-3705] select index 15 into 'header' is out of bounds [E:/CE409/ASIC-Verification-Methodology/Router/Router.srcs/sources_1/new/switch.v:93]
WARNING: [VRFC 10-3705] select index 16 into 'getheader_n' is out of bounds [E:/CE409/ASIC-Verification-Methodology/Router/Router.srcs/sources_1/new/switch.v:95]
WARNING: [VRFC 10-3705] select index 16 into 'header' is out of bounds [E:/CE409/ASIC-Verification-Methodology/Router/Router.srcs/sources_1/new/switch.v:96]
Completed static elaboration
Starting simulation data flow analysis
Completed simulation data flow analysis
Time Resolution for simulation is 1ps
Compiling module xil_defaultlib.cb
Compiling module xil_defaultlib.router_io
Compiling module xil_defaultlib.test
Compiling module xil_defaultlib.arbiter
Compiling module xil_defaultlib.switch
Compiling module xil_defaultlib.router
Compiling module xil_defaultlib.router_test_top
Compiling module xil_defaultlib.glbl
Built simulation snapshot router_test_top_behav
