Time resolution is 1 ps
'{2,8,13,0,10,13,2,7,7,3,2,5,15,2,3,11}
xxxxxxxxxxxxxxxx
0xxxxxxxxxxxxxxx
00xxxxxxxxxxxxxx
000xxxxxxxxxxxxx
0000xxxxxxxxxxxx
00000xxxxxxxxxxx
000000xxxxxxxxxx
0000000xxxxxxxxx
00000000xxxxxxxx
000000000xxxxxxx
0000000000xxxxxx
00000000000xxxxx
000000000000xxxx
0000000000000xxx
00000000000000xx
000000000000000x
10100010,           0
11100001,           1
11001110,           2
01001001,           3
11111111,           4
00011001,           5
01010111,           6
00111110,           7
10001100,           8
00100100,           9
10111001,          10
00111010,          11
10111001,          12
00101000,          13
11000001,          14
10110111,          15
01010001,           0
01110000,           1
01100111,           2
00100100,           3
01111111,           4
00011001,           5
01010111,           6
00011111,           7
10001100,           8
00010010,           9
10111001,          10
00011101,          11
01011100,          12
00101000,          13
11000001,          14
01011011,          15
0000000000000000
0000000000000000
0000000000000000
0000000000000000
0000000000000000
0000000000000000
0000000000000000
0000000000000000
0000000000000000
0000000000000000
0000000000000000
0000000000000000
0000000000000000
0000000000000000
0000000000000000
0000000000000000
0000000000000000
0000000000000000
0000000000000000
0000000000000000
0000000000000000
0000000000000000
0000000000000000
0000000000000000
0000000000000000
0000000000000000
0000000000000000
0000000000000000
0000000000000000
0000000000000000
0000000000000000
0000000000000000
00101000,           0
00111000,           1
00110011,           2
00010010,           3
00111111,           4
00011001,           5
01010111,           6
00001111,           7
10001100,           8
00001001,           9
10111001,          10
00001110,          11
00101110,          12
00101000,          13
11000001,          14
00101101,          15
             2250000, dout           0, 1, 80 
             2250000, dout           2, 0, 00 
             2250000, dout           3, 0, 00 
             2250000, dout           5, 0, 00 
             2250000, dout           7, 0, 00 
             2250000, dout           8, 1, 80 
             2250000, dout          10, 1, 80 
             2250000, dout          11, 1, 80 
             2250000, dout          13, 0, 00 
             2250000, dout          15, 1, 80 
             2350000, dout           0, 0, 40 
             2350000, dout           2, 1, 80 
             2350000, dout           3, 0, 00 
             2350000, dout           5, 1, 80 
             2350000, dout           7, 1, 80 
             2350000, dout           8, 0, 40 
             2350000, dout          10, 1, c0 
             2350000, dout          11, 1, c0 
             2350000, dout          13, 1, 80 
             2350000, dout          15, 0, 40 
00010100,           0
00011100,           1
00011001,           2
00001001,           3
00011111,           4
00011001,           5
01010111,           6
00000111,           7
10001100,           8
00000100,           9
10111001,          10
00000111,          11
00010111,          12
00101000,          13
11000001,          14
00010110,          15
0000000000000000
0000000000000000
0000000000000000
0000000000000000
0000000000000000
0000000000000000
0000000000000000
0000000000000000
0000000000000000
0000000000000000
0000000000000000
0000000000000000
0000000000000000
0000000000000000
0000000000000000
0000000000000000
0000000000000000
0000000000000000
0000000000000000
0000000000000000
0000000000000000
0000000000000000
0000000000000000
0000000000000000
0000000000000000
0000000000000000
0000000000000000
0000000000000000
0000000000000000
0000000000000000
0000000000000000
0000000000000000
00001010,           0
00001110,           1
00001100,           2
00000100,           3
00001111,           4
00011001,           5
01010111,           6
00000011,           7
10001100,           8
00000010,           9
10111001,          10
00000011,          11
00001011,          12
00101000,          13
11000001,          14
00001011,          15
             2450000, dout           0, 0, 20 
             2450000, dout           2, 0, 40 
             2450000, dout           3, 1, 80 
             2450000, dout           5, 0, 40 
             2450000, dout           7, 1, c0 
             2450000, dout           8, 0, 20 
             2450000, dout          10, 1, e0 
             2450000, dout          11, 1, e0 
             2450000, dout          13, 1, c0 
             2450000, dout          15, 0, 20 
             2550000, dout           0, 1, 90 
             2550000, dout           2, 0, 20 
             2550000, dout           3, 0, 40 
             2550000, dout           5, 1, a0 
             2550000, dout           7, 1, e0 
             2550000, dout           8, 0, 10 
             2550000, dout          10, 1, f0 
             2550000, dout          11, 0, 70 
             2550000, dout          13, 1, e0 
             2550000, dout          15, 1, 90 
00000101,           0
00000111,           1
00000110,           2
00000010,           3
00000111,           4
00011001,           5
01010111,           6
00000001,           7
10001100,           8
00000001,           9
10111001,          10
00000001,          11
00000101,          12
00101000,          13
11000001,          14
00000101,          15
0000000000000000
0000000000000000
0000000000000000
0000000000000000
0000000000000000
0000000000000000
0000000000000000
0000000000000000
0000000000000000
0000000000000000
0000000000000000
0000000000000000
0000000000000000
0000000000000000
0000000000000000
0000000000000000
0000000000000000
0000000000000000
0000000000000000
0000000000000000
0000000000000000
0000000000000000
0000000000000000
0000000000000000
0000000000000000
0000000000000000
0000000000000000
0000000000000000
0000000000000000
0000000000000000
0000000000000000
0000000000000000
00000010,           0
00000011,           1
00000011,           2
00000001,           3
00000011,           4
00011001,           5
01010111,           6
00000000,           7
10001100,           8
00000000,           9
10111001,          10
00000000,          11
00000010,          12
00101000,          13
11000001,          14
00000010,          15
             2650000, dout           0, 0, 48 
             2650000, dout           2, 0, 10 
             2650000, dout           3, 0, 20 
             2650000, dout           5, 1, d0 
             2650000, dout           7, 1, f0 
             2650000, dout           8, 0, 08 
             2650000, dout          10, 1, f8 
             2650000, dout          11, 1, b8 
             2650000, dout          13, 0, 70 
             2650000, dout          15, 1, c8 
             2750000, dout           0, 0, 24 
             2750000, dout           2, 1, 88 
             2750000, dout           3, 1, 90 
             2750000, dout           5, 1, e8 
             2750000, dout           7, 1, f8 
             2750000, dout           8, 1, 84 
             2750000, dout          10, 1, fc 
             2750000, dout          11, 1, dc 
             2750000, dout          13, 0, 38 
             2750000, dout          15, 1, e4 
00000001,           0
00000001,           1
00000001,           2
00000000,           3
00000001,           4
00011001,           5
01010111,           6
00000000,           7
10001100,           8
00000000,           9
10111001,          10
00000000,          11
00000001,          12
00101000,          13
11000001,          14
00000001,          15
1001101010011111
0001101010011111
0001101010011111
0001101010011111
0000101010011111
0000001010011111
0000001010011111
0000000010011111
0000000010011111
0000000000011111
0000000000011111
0000000000011111
0000000000001111
0000000000000111
0000000000000011
0000000000000001
0000000000000000
0000000000000000
0000000000000000
0000000000000000
0000000000000000
0000000000000000
0000000000000000
0000000000000000
0000000000000000
0000000000000000
0000000000000000
0000000000000000
0000000000000000
0000000000000000
0000000000000000
0000000000000000
xxxxxxxx,           0
xxxxxxxx,           1
xxxxxxxx,           2
xxxxxxxx,           3
xxxxxxxx,           4
00011001,           5
01010111,           6
xxxxxxxx,           7
10001100,           8
xxxxxxxx,           9
10111001,          10
xxxxxxxx,          11
xxxxxxxx,          12
00101000,          13
11000001,          14
xxxxxxxx,          15
             2850000, dout           0, 1, 92 
             2850000, dout           2, 0, 44 
             2850000, dout           3, 0, 48 
             2850000, dout           5, 0, 74 
             2850000, dout           7, 0, 7c 
             2850000, dout           8, 1, c2 
             2850000, dout          10, 1, fe 
             2850000, dout          11, 0, 6e 
             2850000, dout          13, 1, 9c 
             2850000, dout          15, 0, 72 
push
             2950000, dout           0, 0 , 00
push
             2950000, dout           2, 1 , 00
push
             2950000, dout           3, 0 , 00
push
             2950000, dout           5, 0 , 00
push
             2950000, dout           7, 0 , 00
push
             2950000, dout           8, 1 , 00
push
             2950000, dout          10, 1 , 00
push
             2950000, dout          11, 1 , 00
push
             2950000, dout          13, 1 , 00
push
             2950000, dout          15, 1 , 00
xxxxxxxx,           0
xxxxxxxx,           1
xxxxxxxx,           2
xxxxxxxx,           3
xxxxxxxx,           4
00011001,           5
01010111,           6
xxxxxxxx,           7
10001100,           8
xxxxxxxx,           9
10111001,          10
xxxxxxxx,          11
xxxxxxxx,          12
00101000,          13
11000001,          14
xxxxxxxx,          15
0000000000000000
0000000000000000
0000000000000000
0000000000000000
0000000000000000
0000000000000000
0000000000000000
0000000000000000
0000000000000000
0000000000000000
0000000000000000
0000000000000000
0000000000000000
0000000000000000
0000000000000000
0000000000000000
0000000000000000
0000000000000000
0000000000000000
0000000000000000
0000000000000000
0000000000000000
0000000000000000
0000000000000000
0000000000000000
0000000000000000
0000000000000000
0000000000000000
0000000000000000
0000000000000000
0000000000000000
0000000000000000
xxxxxxxx,           0
xxxxxxxx,           1
xxxxxxxx,           2
xxxxxxxx,           3
xxxxxxxx,           4
00011001,           5
01010111,           6
xxxxxxxx,           7
10001100,           8
xxxxxxxx,           9
10111001,          10
xxxxxxxx,          11
xxxxxxxx,          12
00101000,          13
11000001,          14
xxxxxxxx,          15
xxxxxxxx,           0
xxxxxxxx,           1
xxxxxxxx,           2
xxxxxxxx,           3
xxxxxxxx,           4
00011001,           5
01010111,           6
xxxxxxxx,           7
10001100,           8
xxxxxxxx,           9
10111001,          10
xxxxxxxx,          11
xxxxxxxx,          12
00101000,          13
11000001,          14
xxxxxxxx,          15
0000000000000000
0000000000000000
0000000000000000
0000000000000000
0000000000000000
0000000000000000
0000000000000000
0000000000000000
0000000000000000
0000000000000000
0000000000000000
0000000000000000
0000000000000000
0000000000000000
0000000000000000
0000000000000000
0000000000000000
0000000000000000
0000000000000000
0000000000000000
0000000000000000
0000000000000000
0000000000000000
0000000000000000
0000000000000000
0000000000000000
0000000000000000
0000000000000000
0000000000000000
0000000000000000
0000000000000000
0000000000000000
xxxxxxxx,           0
xxxxxxxx,           1
xxxxxxxx,           2
xxxxxxxx,           3
xxxxxxxx,           4
00011001,           5
01010111,           6
xxxxxxxx,           7
10001100,           8
xxxxxxxx,           9
10111001,          10
xxxxxxxx,          11
xxxxxxxx,          12
00101000,          13
11000001,          14
xxxxxxxx,          15
xxxxxxxx,           0
xxxxxxxx,           1
xxxxxxxx,           2
xxxxxxxx,           3
xxxxxxxx,           4
00001100,           5
00101011,           6
xxxxxxxx,           7
01000110,           8
xxxxxxxx,           9
10111001,          10
xxxxxxxx,          11
xxxxxxxx,          12
00101000,          13
01100000,          14
xxxxxxxx,          15
0000000000000000
0000000000000000
0000000000000000
0000000000000000
0000000000000000
0000000000000000
0000000000000000
0000000000000000
0000000000000000
0000000000000000
0000000000000000
0000000000000000
0000000000000000
0000000000000000
0000000000000000
0000000000000000
0000000000000000
0000000000000000
0000000000000000
0000000000000000
0000000000000000
0000000000000000
0000000000000000
0000000000000000
0000000000000000
0000000000000000
0000000000000000
0000000000000000
0000000000000000
0000000000000000
0000000000000000
0000000000000000
xxxxxxxx,           0
xxxxxxxx,           1
xxxxxxxx,           2
xxxxxxxx,           3
xxxxxxxx,           4
00000110,           5
00010101,           6
xxxxxxxx,           7
00100011,           8
xxxxxxxx,           9
10111001,          10
xxxxxxxx,          11
xxxxxxxx,          12
00101000,          13
00110000,          14
xxxxxxxx,          15
             3450000, dout           2, 1, 80 
             3450000, dout           3, 1, 80 
             3450000, dout           7, 0, 00 
             3450000, dout          13, 1, 80 
             3550000, dout           2, 1, c0 
             3550000, dout           3, 0, 40 
             3550000, dout           7, 0, 00 
             3550000, dout          13, 0, 40 
xxxxxxxx,           0
xxxxxxxx,           1
xxxxxxxx,           2
xxxxxxxx,           3
xxxxxxxx,           4
00000011,           5
00001010,           6
xxxxxxxx,           7
00010001,           8
xxxxxxxx,           9
10111001,          10
xxxxxxxx,          11
xxxxxxxx,          12
00101000,          13
00011000,          14
xxxxxxxx,          15
0000000000000000
0000000000000000
0000000000000000
0000000000000000
0000000000000000
0000000000000000
0000000000000000
0000000000000000
0000000000000000
0000000000000000
0000000000000000
0000000000000000
0000000000000000
0000000000000000
0000000000000000
0000000000000000
0000000000000000
0000000000000000
0000000000000000
0000000000000000
0000000000000000
0000000000000000
0000000000000000
0000000000000000
0000000000000000
0000000000000000
0000000000000000
0000000000000000
0000000000000000
0000000000000000
0000000000000000
0000000000000000
xxxxxxxx,           0
xxxxxxxx,           1
xxxxxxxx,           2
xxxxxxxx,           3
xxxxxxxx,           4
00000001,           5
00000101,           6
xxxxxxxx,           7
00001000,           8
xxxxxxxx,           9
10111001,          10
xxxxxxxx,          11
xxxxxxxx,          12
00101000,          13
00001100,          14
xxxxxxxx,          15
             3650000, dout           2, 1, e0 
             3650000, dout           3, 0, 20 
             3650000, dout           7, 1, 80 
             3650000, dout          13, 0, 20 
             3750000, dout           2, 0, 70 
             3750000, dout           3, 0, 10 
             3750000, dout           7, 1, c0 
             3750000, dout          13, 1, 90 
xxxxxxxx,           0
xxxxxxxx,           1
xxxxxxxx,           2
xxxxxxxx,           3
xxxxxxxx,           4
00000000,           5
00000010,           6
xxxxxxxx,           7
00000100,           8
xxxxxxxx,           9
10111001,          10
xxxxxxxx,          11
xxxxxxxx,          12
00101000,          13
00000110,          14
xxxxxxxx,          15
0000000000000000
0000000000000000
0000000000000000
0000000000000000
0000000000000000
0000000000000000
0000000000000000
0000000000000000
0000000000000000
0000000000000000
0000000000000000
0000000000000000
0000000000000000
0000000000000000
0000000000000000
0000000000000000
0000000000000000
0000000000000000
0000000000000000
0000000000000000
0000000000000000
0000000000000000
0000000000000000
0000000000000000
0000000000000000
0000000000000000
0000000000000000
0000000000000000
0000000000000000
0000000000000000
0000000000000000
0000000000000000
xxxxxxxx,           0
xxxxxxxx,           1
xxxxxxxx,           2
xxxxxxxx,           3
xxxxxxxx,           4
00000000,           5
00000001,           6
xxxxxxxx,           7
00000010,           8
xxxxxxxx,           9
10111001,          10
xxxxxxxx,          11
xxxxxxxx,          12
00101000,          13
00000011,          14
xxxxxxxx,          15
             3850000, dout           2, 1, b8 
             3850000, dout           3, 0, 08 
             3850000, dout           7, 0, 60 
             3850000, dout          13, 1, c8 
             3950000, dout           2, 0, 5c 
             3950000, dout           3, 0, 04 
             3950000, dout           7, 0, 30 
             3950000, dout          13, 0, 64 
xxxxxxxx,           0
xxxxxxxx,           1
xxxxxxxx,           2
xxxxxxxx,           3
xxxxxxxx,           4
00000000,           5
00000000,           6
xxxxxxxx,           7
00000001,           8
xxxxxxxx,           9
10111001,          10
xxxxxxxx,          11
xxxxxxxx,          12
00101000,          13
00000001,          14
xxxxxxxx,          15
0100000101100000
0100000101100000
0000000101100000
0000000101100000
0000000101100000
0000000101100000
0000000101100000
0000000101100000
0000000001100000
0000000001100000
0000000000100000
0000000000000000
0000000000000000
0000000000000000
0000000000000000
0000000000000000
0000000000000000
0000000000000000
0000000000000000
0000000000000000
0000000000000000
0000000000000000
0000000000000000
0000000000000000
0000000000000000
0000000000000000
0000000000000000
0000000000000000
0000000000000000
0000000000000000
0000000000000000
0000000000000000
xxxxxxxx,           0
xxxxxxxx,           1
xxxxxxxx,           2
xxxxxxxx,           3
xxxxxxxx,           4
xxxxxxxx,           5
xxxxxxxx,           6
xxxxxxxx,           7
xxxxxxxx,           8
xxxxxxxx,           9
10111001,          10
xxxxxxxx,          11
xxxxxxxx,          12
00101000,          13
xxxxxxxx,          14
xxxxxxxx,          15
             4050000, dout           2, 1, ae 
             4050000, dout           3, 1, 82 
             4050000, dout           7, 0, 18 
             4050000, dout          13, 0, 32 
push
             4150000, dout           2, 0 , 00
push
             4150000, dout           3, 1 , 00
push
             4150000, dout           7, 1 , 00
push
             4150000, dout          13, 0 , 00
xxxxxxxx,           0
xxxxxxxx,           1
xxxxxxxx,           2
xxxxxxxx,           3
xxxxxxxx,           4
xxxxxxxx,           5
xxxxxxxx,           6
xxxxxxxx,           7
xxxxxxxx,           8
xxxxxxxx,           9
10111001,          10
xxxxxxxx,          11
xxxxxxxx,          12
00101000,          13
xxxxxxxx,          14
xxxxxxxx,          15
0000000000000000
0000000000000000
0000000000000000
0000000000000000
0000000000000000
0000000000000000
0000000000000000
0000000000000000
0000000000000000
0000000000000000
0000000000000000
0000000000000000
0000000000000000
0000000000000000
0000000000000000
0000000000000000
0000000000000000
0000000000000000
0000000000000000
0000000000000000
0000000000000000
0000000000000000
0000000000000000
0000000000000000
0000000000000000
0000000000000000
0000000000000000
0000000000000000
0000000000000000
0000000000000000
0000000000000000
0000000000000000
xxxxxxxx,           0
xxxxxxxx,           1
xxxxxxxx,           2
xxxxxxxx,           3
xxxxxxxx,           4
xxxxxxxx,           5
xxxxxxxx,           6
xxxxxxxx,           7
xxxxxxxx,           8
xxxxxxxx,           9
10111001,          10
xxxxxxxx,          11
xxxxxxxx,          12
00101000,          13
xxxxxxxx,          14
xxxxxxxx,          15
xxxxxxxx,           0
xxxxxxxx,           1
xxxxxxxx,           2
xxxxxxxx,           3
xxxxxxxx,           4
xxxxxxxx,           5
xxxxxxxx,           6
xxxxxxxx,           7
xxxxxxxx,           8
xxxxxxxx,           9
10111001,          10
xxxxxxxx,          11
xxxxxxxx,          12
00101000,          13
xxxxxxxx,          14
xxxxxxxx,          15
0000000000000000
0000000000000000
0000000000000000
0000000000000000
0000000000000000
0000000000000000
0000000000000000
0000000000000000
0000000000000000
0000000000000000
0000000000000000
0000000000000000
0000000000000000
0000000000000000
0000000000000000
0000000000000000
0000000000000000
0000000000000000
0000000000000000
0000000000000000
0000000000000000
0000000000000000
0000000000000000
0000000000000000
0000000000000000
0000000000000000
0000000000000000
0000000000000000
0000000000000000
0000000000000000
0000000000000000
0000000000000000
xxxxxxxx,           0
xxxxxxxx,           1
xxxxxxxx,           2
xxxxxxxx,           3
xxxxxxxx,           4
xxxxxxxx,           5
xxxxxxxx,           6
xxxxxxxx,           7
xxxxxxxx,           8
xxxxxxxx,           9
10111001,          10
xxxxxxxx,          11
xxxxxxxx,          12
00101000,          13
xxxxxxxx,          14
xxxxxxxx,          15
xxxxxxxx,           0
xxxxxxxx,           1
xxxxxxxx,           2
xxxxxxxx,           3
xxxxxxxx,           4
xxxxxxxx,           5
xxxxxxxx,           6
xxxxxxxx,           7
xxxxxxxx,           8
xxxxxxxx,           9
01011100,          10
xxxxxxxx,          11
xxxxxxxx,          12
00101000,          13
xxxxxxxx,          14
xxxxxxxx,          15
0000000000000000
0000000000000000
0000000000000000
0000000000000000
0000000000000000
0000000000000000
0000000000000000
0000000000000000
0000000000000000
0000000000000000
0000000000000000
0000000000000000
0000000000000000
0000000000000000
0000000000000000
0000000000000000
0000000000000000
0000000000000000
0000000000000000
0000000000000000
0000000000000000
0000000000000000
0000000000000000
0000000000000000
0000000000000000
0000000000000000
0000000000000000
0000000000000000
0000000000000000
0000000000000000
0000000000000000
0000000000000000
xxxxxxxx,           0
xxxxxxxx,           1
xxxxxxxx,           2
xxxxxxxx,           3
xxxxxxxx,           4
xxxxxxxx,           5
xxxxxxxx,           6
xxxxxxxx,           7
xxxxxxxx,           8
xxxxxxxx,           9
00101110,          10
xxxxxxxx,          11
xxxxxxxx,          12
00101000,          13
xxxxxxxx,          14
xxxxxxxx,          15
             4650000, dout           2, 1, 80 
             4750000, dout           2, 0, 40 
xxxxxxxx,           0
xxxxxxxx,           1
xxxxxxxx,           2
xxxxxxxx,           3
xxxxxxxx,           4
xxxxxxxx,           5
xxxxxxxx,           6
xxxxxxxx,           7
xxxxxxxx,           8
xxxxxxxx,           9
00010111,          10
xxxxxxxx,          11
xxxxxxxx,          12
00101000,          13
xxxxxxxx,          14
xxxxxxxx,          15
0000000000000000
0000000000000000
0000000000000000
0000000000000000
0000000000000000
0000000000000000
0000000000000000
0000000000000000
0000000000000000
0000000000000000
0000000000000000
0000000000000000
0000000000000000
0000000000000000
0000000000000000
0000000000000000
0000000000000000
0000000000000000
0000000000000000
0000000000000000
0000000000000000
0000000000000000
0000000000000000
0000000000000000
0000000000000000
0000000000000000
0000000000000000
0000000000000000
0000000000000000
0000000000000000
0000000000000000
0000000000000000
xxxxxxxx,           0
xxxxxxxx,           1
xxxxxxxx,           2
xxxxxxxx,           3
xxxxxxxx,           4
xxxxxxxx,           5
xxxxxxxx,           6
xxxxxxxx,           7
xxxxxxxx,           8
xxxxxxxx,           9
00001011,          10
xxxxxxxx,          11
xxxxxxxx,          12
00101000,          13
xxxxxxxx,          14
xxxxxxxx,          15
             4850000, dout           2, 0, 20 
             4950000, dout           2, 1, 90 
xxxxxxxx,           0
xxxxxxxx,           1
xxxxxxxx,           2
xxxxxxxx,           3
xxxxxxxx,           4
xxxxxxxx,           5
xxxxxxxx,           6
xxxxxxxx,           7
xxxxxxxx,           8
xxxxxxxx,           9
00000101,          10
xxxxxxxx,          11
xxxxxxxx,          12
00101000,          13
xxxxxxxx,          14
xxxxxxxx,          15
0000000000000000
0000000000000000
0000000000000000
0000000000000000
0000000000000000
0000000000000000
0000000000000000
0000000000000000
0000000000000000
0000000000000000
0000000000000000
0000000000000000
0000000000000000
0000000000000000
0000000000000000
0000000000000000
0000000000000000
0000000000000000
0000000000000000
0000000000000000
0000000000000000
0000000000000000
0000000000000000
0000000000000000
0000000000000000
0000000000000000
0000000000000000
0000000000000000
0000000000000000
0000000000000000
0000000000000000
0000000000000000
xxxxxxxx,           0
xxxxxxxx,           1
xxxxxxxx,           2
xxxxxxxx,           3
xxxxxxxx,           4
xxxxxxxx,           5
xxxxxxxx,           6
xxxxxxxx,           7
xxxxxxxx,           8
xxxxxxxx,           9
00000010,          10
xxxxxxxx,          11
xxxxxxxx,          12
00101000,          13
xxxxxxxx,          14
xxxxxxxx,          15
             5050000, dout           2, 1, c8 
             5150000, dout           2, 1, e4 
xxxxxxxx,           0
xxxxxxxx,           1
xxxxxxxx,           2
xxxxxxxx,           3
xxxxxxxx,           4
xxxxxxxx,           5
xxxxxxxx,           6
xxxxxxxx,           7
xxxxxxxx,           8
xxxxxxxx,           9
00000001,          10
xxxxxxxx,          11
xxxxxxxx,          12
00101000,          13
xxxxxxxx,          14
xxxxxxxx,          15
0000010000000000
0000010000000000
0000010000000000
0000010000000000
0000010000000000
0000010000000000
0000000000000000
0000000000000000
0000000000000000
0000000000000000
0000000000000000
0000000000000000
0000000000000000
0000000000000000
0000000000000000
0000000000000000
0000000000000000
0000000000000000
0000000000000000
0000000000000000
0000000000000000
0000000000000000
0000000000000000
0000000000000000
0000000000000000
0000000000000000
0000000000000000
0000000000000000
0000000000000000
0000000000000000
0000000000000000
0000000000000000
xxxxxxxx,           0
xxxxxxxx,           1
xxxxxxxx,           2
xxxxxxxx,           3
xxxxxxxx,           4
xxxxxxxx,           5
xxxxxxxx,           6
xxxxxxxx,           7
xxxxxxxx,           8
xxxxxxxx,           9
xxxxxxxx,          10
xxxxxxxx,          11
xxxxxxxx,          12
00101000,          13
xxxxxxxx,          14
xxxxxxxx,          15
             5250000, dout           2, 0, 72 
push
             5350000, dout           2, 1 , 00
xxxxxxxx,           0
xxxxxxxx,           1
xxxxxxxx,           2
xxxxxxxx,           3
xxxxxxxx,           4
xxxxxxxx,           5
xxxxxxxx,           6
xxxxxxxx,           7
xxxxxxxx,           8
xxxxxxxx,           9
xxxxxxxx,          10
xxxxxxxx,          11
xxxxxxxx,          12
00101000,          13
xxxxxxxx,          14
xxxxxxxx,          15
0000000000000000
0000000000000000
0000000000000000
0000000000000000
0000000000000000
0000000000000000
0000000000000000
0000000000000000
0000000000000000
0000000000000000
0000000000000000
0000000000000000
0000000000000000
0000000000000000
0000000000000000
0000000000000000
0000000000000000
0000000000000000
0000000000000000
0000000000000000
0000000000000000
0000000000000000
0000000000000000
0000000000000000
0000000000000000
0000000000000000
0000000000000000
0000000000000000
0000000000000000
0000000000000000
0000000000000000
0000000000000000
xxxxxxxx,           0
xxxxxxxx,           1
xxxxxxxx,           2
xxxxxxxx,           3
xxxxxxxx,           4
xxxxxxxx,           5
xxxxxxxx,           6
xxxxxxxx,           7
xxxxxxxx,           8
xxxxxxxx,           9
xxxxxxxx,          10
xxxxxxxx,          11
xxxxxxxx,          12
00101000,          13
xxxxxxxx,          14
xxxxxxxx,          15
xxxxxxxx,           0
xxxxxxxx,           1
xxxxxxxx,           2
xxxxxxxx,           3
xxxxxxxx,           4
xxxxxxxx,           5
xxxxxxxx,           6
xxxxxxxx,           7
xxxxxxxx,           8
xxxxxxxx,           9
xxxxxxxx,          10
xxxxxxxx,          11
xxxxxxxx,          12
00101000,          13
xxxxxxxx,          14
xxxxxxxx,          15
0000000000000000
0000000000000000
0000000000000000
0000000000000000
0000000000000000
0000000000000000
0000000000000000
0000000000000000
0000000000000000
0000000000000000
0000000000000000
0000000000000000
0000000000000000
0000000000000000
0000000000000000
0000000000000000
0000000000000000
0000000000000000
0000000000000000
0000000000000000
0000000000000000
0000000000000000
0000000000000000
0000000000000000
0000000000000000
0000000000000000
0000000000000000
0000000000000000
0000000000000000
0000000000000000
0000000000000000
0000000000000000
xxxxxxxx,           0
xxxxxxxx,           1
xxxxxxxx,           2
xxxxxxxx,           3
xxxxxxxx,           4
xxxxxxxx,           5
xxxxxxxx,           6
xxxxxxxx,           7
xxxxxxxx,           8
xxxxxxxx,           9
xxxxxxxx,          10
xxxxxxxx,          11
xxxxxxxx,          12
00101000,          13
xxxxxxxx,          14
xxxxxxxx,          15
xxxxxxxx,           0
xxxxxxxx,           1
xxxxxxxx,           2
xxxxxxxx,           3
xxxxxxxx,           4
xxxxxxxx,           5
xxxxxxxx,           6
xxxxxxxx,           7
xxxxxxxx,           8
xxxxxxxx,           9
xxxxxxxx,          10
xxxxxxxx,          11
xxxxxxxx,          12
00010100,          13
xxxxxxxx,          14
xxxxxxxx,          15
0000000000000000
0000000000000000
0000000000000000
0000000000000000
0000000000000000
0000000000000000
0000000000000000
0000000000000000
0000000000000000
0000000000000000
0000000000000000
0000000000000000
0000000000000000
0000000000000000
0000000000000000
0000000000000000
0000000000000000
0000000000000000
0000000000000000
0000000000000000
0000000000000000
0000000000000000
0000000000000000
0000000000000000
0000000000000000
0000000000000000
0000000000000000
0000000000000000
0000000000000000
0000000000000000
0000000000000000
0000000000000000
xxxxxxxx,           0
xxxxxxxx,           1
xxxxxxxx,           2
xxxxxxxx,           3
xxxxxxxx,           4
xxxxxxxx,           5
xxxxxxxx,           6
xxxxxxxx,           7
xxxxxxxx,           8
xxxxxxxx,           9
xxxxxxxx,          10
xxxxxxxx,          11
xxxxxxxx,          12
00001010,          13
xxxxxxxx,          14
xxxxxxxx,          15
             5850000, dout           2, 0, 00 
             5950000, dout           2, 0, 00 
xxxxxxxx,           0
xxxxxxxx,           1
xxxxxxxx,           2
xxxxxxxx,           3
xxxxxxxx,           4
xxxxxxxx,           5
xxxxxxxx,           6
xxxxxxxx,           7
xxxxxxxx,           8
xxxxxxxx,           9
xxxxxxxx,          10
xxxxxxxx,          11
xxxxxxxx,          12
00000101,          13
xxxxxxxx,          14
xxxxxxxx,          15
0000000000000000
0000000000000000
0000000000000000
0000000000000000
0000000000000000
0000000000000000
0000000000000000
0000000000000000
0000000000000000
0000000000000000
0000000000000000
0000000000000000
0000000000000000
0000000000000000
0000000000000000
0000000000000000
0000000000000000
0000000000000000
0000000000000000
0000000000000000
0000000000000000
0000000000000000
0000000000000000
0000000000000000
0000000000000000
0000000000000000
0000000000000000
0000000000000000
0000000000000000
0000000000000000
0000000000000000
0000000000000000
xxxxxxxx,           0
xxxxxxxx,           1
xxxxxxxx,           2
xxxxxxxx,           3
xxxxxxxx,           4
xxxxxxxx,           5
xxxxxxxx,           6
xxxxxxxx,           7
xxxxxxxx,           8
xxxxxxxx,           9
xxxxxxxx,          10
xxxxxxxx,          11
xxxxxxxx,          12
00000010,          13
xxxxxxxx,          14
xxxxxxxx,          15
             6050000, dout           2, 0, 00 
             6150000, dout           2, 1, 80 
xxxxxxxx,           0
xxxxxxxx,           1
xxxxxxxx,           2
xxxxxxxx,           3
xxxxxxxx,           4
xxxxxxxx,           5
xxxxxxxx,           6
xxxxxxxx,           7
xxxxxxxx,           8
xxxxxxxx,           9
xxxxxxxx,          10
xxxxxxxx,          11
xxxxxxxx,          12
00000001,          13
xxxxxxxx,          14
xxxxxxxx,          15
0000000000000000
0000000000000000
0000000000000000
0000000000000000
0000000000000000
0000000000000000
0000000000000000
0000000000000000
0000000000000000
0000000000000000
0000000000000000
0000000000000000
0000000000000000
0000000000000000
0000000000000000
0000000000000000
0000000000000000
0000000000000000
0000000000000000
0000000000000000
0000000000000000
0000000000000000
0000000000000000
0000000000000000
0000000000000000
0000000000000000
0000000000000000
0000000000000000
0000000000000000
0000000000000000
0000000000000000
0000000000000000
xxxxxxxx,           0
xxxxxxxx,           1
xxxxxxxx,           2
xxxxxxxx,           3
xxxxxxxx,           4
xxxxxxxx,           5
xxxxxxxx,           6
xxxxxxxx,           7
xxxxxxxx,           8
xxxxxxxx,           9
xxxxxxxx,          10
xxxxxxxx,          11
xxxxxxxx,          12
00000000,          13
xxxxxxxx,          14
xxxxxxxx,          15
             6250000, dout           2, 0, 40 
             6350000, dout           2, 1, a0 
xxxxxxxx,           0
xxxxxxxx,           1
xxxxxxxx,           2
xxxxxxxx,           3
xxxxxxxx,           4
xxxxxxxx,           5
xxxxxxxx,           6
xxxxxxxx,           7
xxxxxxxx,           8
xxxxxxxx,           9
xxxxxxxx,          10
xxxxxxxx,          11
xxxxxxxx,          12
00000000,          13
xxxxxxxx,          14
xxxxxxxx,          15
0010000000000000
0010000000000000
0010000000000000
0000000000000000
0000000000000000
0000000000000000
0000000000000000
0000000000000000
0000000000000000
0000000000000000
0000000000000000
0000000000000000
0000000000000000
0000000000000000
0000000000000000
0000000000000000
0000000000000000
0000000000000000
0000000000000000
0000000000000000
0000000000000000
0000000000000000
0000000000000000
0000000000000000
0000000000000000
0000000000000000
0000000000000000
0000000000000000
0000000000000000
0000000000000000
0000000000000000
0000000000000000
xxxxxxxx,           0
xxxxxxxx,           1
xxxxxxxx,           2
xxxxxxxx,           3
xxxxxxxx,           4
xxxxxxxx,           5
xxxxxxxx,           6
xxxxxxxx,           7
xxxxxxxx,           8
xxxxxxxx,           9
xxxxxxxx,          10
xxxxxxxx,          11
xxxxxxxx,          12
xxxxxxxx,          13
xxxxxxxx,          14
xxxxxxxx,          15
             6450000, dout           2, 0, 50 
push
             6550000, dout           2, 0 , 00
xxxxxxxx,           0
xxxxxxxx,           1
xxxxxxxx,           2
xxxxxxxx,           3
xxxxxxxx,           4
xxxxxxxx,           5
xxxxxxxx,           6
xxxxxxxx,           7
xxxxxxxx,           8
xxxxxxxx,           9
xxxxxxxx,          10
xxxxxxxx,          11
xxxxxxxx,          12
xxxxxxxx,          13
xxxxxxxx,          14
xxxxxxxx,          15
0000000000000000
0000000000000000
0000000000000000
0000000000000000
0000000000000000
0000000000000000
0000000000000000
0000000000000000
0000000000000000
0000000000000000
0000000000000000
0000000000000000
0000000000000000
0000000000000000
0000000000000000
0000000000000000
0000000000000000
0000000000000000
0000000000000000
0000000000000000
0000000000000000
0000000000000000
0000000000000000
0000000000000000
0000000000000000
0000000000000000
0000000000000000
0000000000000000
0000000000000000
0000000000000000
0000000000000000
0000000000000000
xxxxxxxx,           0
xxxxxxxx,           1
xxxxxxxx,           2
xxxxxxxx,           3
xxxxxxxx,           4
xxxxxxxx,           5
xxxxxxxx,           6
xxxxxxxx,           7
xxxxxxxx,           8
xxxxxxxx,           9
xxxxxxxx,          10
xxxxxxxx,          11
xxxxxxxx,          12
xxxxxxxx,          13
xxxxxxxx,          14
xxxxxxxx,          15
xxxxxxxx,           0
xxxxxxxx,           1
xxxxxxxx,           2
xxxxxxxx,           3
xxxxxxxx,           4
xxxxxxxx,           5
xxxxxxxx,           6
xxxxxxxx,           7
xxxxxxxx,           8
xxxxxxxx,           9
xxxxxxxx,          10
xxxxxxxx,          11
xxxxxxxx,          12
xxxxxxxx,          13
xxxxxxxx,          14
xxxxxxxx,          15
0000000000000000
0000000000000000
0000000000000000
0000000000000000
0000000000000000
0000000000000000
0000000000000000
0000000000000000
0000000000000000
0000000000000000
0000000000000000
0000000000000000
0000000000000000
0000000000000000
0000000000000000
0000000000000000
0000000000000000
0000000000000000
0000000000000000
0000000000000000
0000000000000000
0000000000000000
0000000000000000
0000000000000000
0000000000000000
0000000000000000
0000000000000000
0000000000000000
0000000000000000
0000000000000000
0000000000000000
0000000000000000
xxxxxxxx,           0
xxxxxxxx,           1
xxxxxxxx,           2
xxxxxxxx,           3
xxxxxxxx,           4
xxxxxxxx,           5
xxxxxxxx,           6
xxxxxxxx,           7
xxxxxxxx,           8
xxxxxxxx,           9
xxxxxxxx,          10
xxxxxxxx,          11
xxxxxxxx,          12
xxxxxxxx,          13
xxxxxxxx,          14
xxxxxxxx,          15
xxxxxxxx,           0
xxxxxxxx,           1
xxxxxxxx,           2
xxxxxxxx,           3
xxxxxxxx,           4
xxxxxxxx,           5
xxxxxxxx,           6
xxxxxxxx,           7
xxxxxxxx,           8
xxxxxxxx,           9
xxxxxxxx,          10
xxxxxxxx,          11
xxxxxxxx,          12
xxxxxxxx,          13
xxxxxxxx,          14
xxxxxxxx,          15
0000000000000000
0000000000000000
0000000000000000
0000000000000000
0000000000000000
0000000000000000
0000000000000000
0000000000000000
0000000000000000
0000000000000000
0000000000000000
0000000000000000
0000000000000000
0000000000000000
0000000000000000
0000000000000000
0000000000000000
0000000000000000
0000000000000000
0000000000000000
0000000000000000
0000000000000000
0000000000000000
0000000000000000
0000000000000000
0000000000000000
0000000000000000
0000000000000000
0000000000000000
0000000000000000
0000000000000000
0000000000000000
xxxxxxxx,           0
xxxxxxxx,           1
xxxxxxxx,           2
xxxxxxxx,           3
xxxxxxxx,           4
xxxxxxxx,           5
xxxxxxxx,           6
xxxxxxxx,           7
xxxxxxxx,           8
xxxxxxxx,           9
xxxxxxxx,          10
xxxxxxxx,          11
xxxxxxxx,          12
xxxxxxxx,          13
xxxxxxxx,          14
xxxxxxxx,          15
xxxxxxxx,           0
xxxxxxxx,           1
xxxxxxxx,           2
xxxxxxxx,           3
xxxxxxxx,           4
xxxxxxxx,           5
xxxxxxxx,           6
xxxxxxxx,           7
xxxxxxxx,           8
xxxxxxxx,           9
xxxxxxxx,          10
xxxxxxxx,          11
xxxxxxxx,          12
xxxxxxxx,          13
xxxxxxxx,          14
xxxxxxxx,          15
0000000000000000
0000000000000000
0000000000000000
0000000000000000
0000000000000000
0000000000000000
0000000000000000
0000000000000000
0000000000000000
0000000000000000
0000000000000000
0000000000000000
0000000000000000
0000000000000000
0000000000000000
0000000000000000
0000000000000000
0000000000000000
0000000000000000
0000000000000000
0000000000000000
0000000000000000
0000000000000000
0000000000000000
0000000000000000
0000000000000000
0000000000000000
0000000000000000
0000000000000000
0000000000000000
0000000000000000
0000000000000000
xxxxxxxx,           0
xxxxxxxx,           1
xxxxxxxx,           2
xxxxxxxx,           3
xxxxxxxx,           4
xxxxxxxx,           5
xxxxxxxx,           6
xxxxxxxx,           7
xxxxxxxx,           8
xxxxxxxx,           9
xxxxxxxx,          10
xxxxxxxx,          11
xxxxxxxx,          12
xxxxxxxx,          13
xxxxxxxx,          14
xxxxxxxx,          15
xxxxxxxx,           0
xxxxxxxx,           1
xxxxxxxx,           2
xxxxxxxx,           3
xxxxxxxx,           4
xxxxxxxx,           5
xxxxxxxx,           6
xxxxxxxx,           7
xxxxxxxx,           8
xxxxxxxx,           9
xxxxxxxx,          10
xxxxxxxx,          11
xxxxxxxx,          12
xxxxxxxx,          13
xxxxxxxx,          14
xxxxxxxx,          15
0000000000000000
0000000000000000
0000000000000000
0000000000000000
0000000000000000
0000000000000000
0000000000000000
0000000000000000
0000000000000000
0000000000000000
0000000000000000
0000000000000000
0000000000000000
0000000000000000
0000000000000000
0000000000000000
0000000000000000
0000000000000000
0000000000000000
0000000000000000
0000000000000000
0000000000000000
0000000000000000
0000000000000000
0000000000000000
0000000000000000
0000000000000000
0000000000000000
0000000000000000
0000000000000000
0000000000000000
0000000000000000
xxxxxxxx,           0
xxxxxxxx,           1
xxxxxxxx,           2
xxxxxxxx,           3
xxxxxxxx,           4
xxxxxxxx,           5
xxxxxxxx,           6
xxxxxxxx,           7
xxxxxxxx,           8
xxxxxxxx,           9
xxxxxxxx,          10
xxxxxxxx,          11
xxxxxxxx,          12
xxxxxxxx,          13
xxxxxxxx,          14
xxxxxxxx,          15
xxxxxxxx,           0
xxxxxxxx,           1
xxxxxxxx,           2
xxxxxxxx,           3
xxxxxxxx,           4
xxxxxxxx,           5
xxxxxxxx,           6
xxxxxxxx,           7
xxxxxxxx,           8
xxxxxxxx,           9
xxxxxxxx,          10
xxxxxxxx,          11
xxxxxxxx,          12
xxxxxxxx,          13
xxxxxxxx,          14
xxxxxxxx,          15
0000000000000000
0000000000000000
0000000000000000
0000000000000000
0000000000000000
0000000000000000
0000000000000000
0000000000000000
0000000000000000
0000000000000000
0000000000000000
0000000000000000
0000000000000000
0000000000000000
0000000000000000
0000000000000000
0000000000000000
0000000000000000
0000000000000000
0000000000000000
0000000000000000
0000000000000000
0000000000000000
0000000000000000
0000000000000000
0000000000000000
0000000000000000
0000000000000000
0000000000000000
0000000000000000
0000000000000000
0000000000000000
xxxxxxxx,           0
xxxxxxxx,           1
xxxxxxxx,           2
xxxxxxxx,           3
xxxxxxxx,           4
xxxxxxxx,           5
xxxxxxxx,           6
xxxxxxxx,           7
xxxxxxxx,           8
xxxxxxxx,           9
xxxxxxxx,          10
xxxxxxxx,          11
xxxxxxxx,          12
xxxxxxxx,          13
xxxxxxxx,          14
xxxxxxxx,          15
xxxxxxxx,           0
xxxxxxxx,           1
xxxxxxxx,           2
xxxxxxxx,           3
xxxxxxxx,           4
xxxxxxxx,           5
xxxxxxxx,           6
xxxxxxxx,           7
xxxxxxxx,           8
xxxxxxxx,           9
xxxxxxxx,          10
xxxxxxxx,          11
xxxxxxxx,          12
xxxxxxxx,          13
xxxxxxxx,          14
xxxxxxxx,          15
0000000000000000
0000000000000000
0000000000000000
0000000000000000
0000000000000000
0000000000000000
0000000000000000
0000000000000000
0000000000000000
0000000000000000
0000000000000000
0000000000000000
0000000000000000
0000000000000000
0000000000000000
0000000000000000
0000000000000000
0000000000000000
0000000000000000
0000000000000000
0000000000000000
0000000000000000
0000000000000000
0000000000000000
0000000000000000
0000000000000000
0000000000000000
0000000000000000
0000000000000000
0000000000000000
0000000000000000
0000000000000000
xxxxxxxx,           0
xxxxxxxx,           1
xxxxxxxx,           2
xxxxxxxx,           3
xxxxxxxx,           4
xxxxxxxx,           5
xxxxxxxx,           6
xxxxxxxx,           7
xxxxxxxx,           8
xxxxxxxx,           9
xxxxxxxx,          10
xxxxxxxx,          11
xxxxxxxx,          12
xxxxxxxx,          13
xxxxxxxx,          14
xxxxxxxx,          15
xxxxxxxx,           0
xxxxxxxx,           1
xxxxxxxx,           2
xxxxxxxx,           3
xxxxxxxx,           4
xxxxxxxx,           5
xxxxxxxx,           6
xxxxxxxx,           7
xxxxxxxx,           8
xxxxxxxx,           9
xxxxxxxx,          10
xxxxxxxx,          11
xxxxxxxx,          12
xxxxxxxx,          13
xxxxxxxx,          14
xxxxxxxx,          15
0000000000000000
0000000000000000
0000000000000000
0000000000000000
0000000000000000
0000000000000000
0000000000000000
0000000000000000
0000000000000000
0000000000000000
0000000000000000
0000000000000000
0000000000000000
0000000000000000
0000000000000000
0000000000000000
0000000000000000
0000000000000000
0000000000000000
0000000000000000
0000000000000000
0000000000000000
0000000000000000
0000000000000000
0000000000000000
0000000000000000
0000000000000000
0000000000000000
0000000000000000
0000000000000000
0000000000000000
0000000000000000
xxxxxxxx,           0
xxxxxxxx,           1
xxxxxxxx,           2
xxxxxxxx,           3
xxxxxxxx,           4
xxxxxxxx,           5
xxxxxxxx,           6
xxxxxxxx,           7
xxxxxxxx,           8
xxxxxxxx,           9
xxxxxxxx,          10
xxxxxxxx,          11
xxxxxxxx,          12
xxxxxxxx,          13
xxxxxxxx,          14
xxxxxxxx,          15
xxxxxxxx,           0
xxxxxxxx,           1
xxxxxxxx,           2
xxxxxxxx,           3
xxxxxxxx,           4
xxxxxxxx,           5
xxxxxxxx,           6
xxxxxxxx,           7
xxxxxxxx,           8
xxxxxxxx,           9
xxxxxxxx,          10
xxxxxxxx,          11
xxxxxxxx,          12
xxxxxxxx,          13
xxxxxxxx,          14
xxxxxxxx,          15
0000000000000000
0000000000000000
0000000000000000
0000000000000000
0000000000000000
0000000000000000
0000000000000000
0000000000000000
0000000000000000
0000000000000000
0000000000000000
0000000000000000
0000000000000000
0000000000000000
0000000000000000
0000000000000000
0000000000000000
0000000000000000
0000000000000000
0000000000000000
0000000000000000
0000000000000000
0000000000000000
0000000000000000
0000000000000000
0000000000000000
0000000000000000
0000000000000000
0000000000000000
0000000000000000
0000000000000000
0000000000000000
xxxxxxxx,           0
xxxxxxxx,           1
xxxxxxxx,           2
xxxxxxxx,           3
xxxxxxxx,           4
xxxxxxxx,           5
xxxxxxxx,           6
xxxxxxxx,           7
xxxxxxxx,           8
xxxxxxxx,           9
xxxxxxxx,          10
xxxxxxxx,          11
xxxxxxxx,          12
xxxxxxxx,          13
xxxxxxxx,          14
xxxxxxxx,          15
xxxxxxxx,           0
xxxxxxxx,           1
xxxxxxxx,           2
xxxxxxxx,           3
xxxxxxxx,           4
xxxxxxxx,           5
xxxxxxxx,           6
xxxxxxxx,           7
xxxxxxxx,           8
xxxxxxxx,           9
xxxxxxxx,          10
xxxxxxxx,          11
xxxxxxxx,          12
xxxxxxxx,          13
xxxxxxxx,          14
xxxxxxxx,          15
0000000000000000
0000000000000000
0000000000000000
0000000000000000
0000000000000000
0000000000000000
0000000000000000
0000000000000000
0000000000000000
0000000000000000
0000000000000000
0000000000000000
0000000000000000
0000000000000000
0000000000000000
0000000000000000
0000000000000000
0000000000000000
0000000000000000
0000000000000000
0000000000000000
0000000000000000
0000000000000000
0000000000000000
0000000000000000
0000000000000000
0000000000000000
0000000000000000
0000000000000000
0000000000000000
0000000000000000
0000000000000000
xxxxxxxx,           0
xxxxxxxx,           1
xxxxxxxx,           2
xxxxxxxx,           3
xxxxxxxx,           4
xxxxxxxx,           5
xxxxxxxx,           6
xxxxxxxx,           7
xxxxxxxx,           8
xxxxxxxx,           9
xxxxxxxx,          10
xxxxxxxx,          11
xxxxxxxx,          12
xxxxxxxx,          13
xxxxxxxx,          14
xxxxxxxx,          15
xxxxxxxx,           0
xxxxxxxx,           1
xxxxxxxx,           2
xxxxxxxx,           3
xxxxxxxx,           4
xxxxxxxx,           5
xxxxxxxx,           6
xxxxxxxx,           7
xxxxxxxx,           8
xxxxxxxx,           9
xxxxxxxx,          10
xxxxxxxx,          11
xxxxxxxx,          12
xxxxxxxx,          13
xxxxxxxx,          14
xxxxxxxx,          15
0000000000000000
0000000000000000
0000000000000000
0000000000000000
0000000000000000
0000000000000000
0000000000000000
0000000000000000
0000000000000000
0000000000000000
0000000000000000
0000000000000000
0000000000000000
0000000000000000
0000000000000000
0000000000000000
0000000000000000
0000000000000000
0000000000000000
0000000000000000
0000000000000000
0000000000000000
0000000000000000
0000000000000000
0000000000000000
0000000000000000
0000000000000000
0000000000000000
0000000000000000
0000000000000000
0000000000000000
0000000000000000
xxxxxxxx,           0
xxxxxxxx,           1
xxxxxxxx,           2
xxxxxxxx,           3
xxxxxxxx,           4
xxxxxxxx,           5
xxxxxxxx,           6
xxxxxxxx,           7
xxxxxxxx,           8
xxxxxxxx,           9
xxxxxxxx,          10
xxxxxxxx,          11
xxxxxxxx,          12
xxxxxxxx,          13
xxxxxxxx,          14
xxxxxxxx,          15
xxxxxxxx,           0
xxxxxxxx,           1
xxxxxxxx,           2
xxxxxxxx,           3
xxxxxxxx,           4
xxxxxxxx,           5
xxxxxxxx,           6
xxxxxxxx,           7
xxxxxxxx,           8
xxxxxxxx,           9
xxxxxxxx,          10
xxxxxxxx,          11
xxxxxxxx,          12
xxxxxxxx,          13
xxxxxxxx,          14
xxxxxxxx,          15
0000000000000000
0000000000000000
0000000000000000
0000000000000000
0000000000000000
0000000000000000
0000000000000000
0000000000000000
0000000000000000
0000000000000000
0000000000000000
0000000000000000
0000000000000000
0000000000000000
0000000000000000
0000000000000000
0000000000000000
0000000000000000
0000000000000000
0000000000000000
0000000000000000
0000000000000000
0000000000000000
0000000000000000
0000000000000000
0000000000000000
0000000000000000
0000000000000000
0000000000000000
0000000000000000
0000000000000000
0000000000000000
xxxxxxxx,           0
xxxxxxxx,           1
xxxxxxxx,           2
xxxxxxxx,           3
xxxxxxxx,           4
xxxxxxxx,           5
xxxxxxxx,           6
xxxxxxxx,           7
xxxxxxxx,           8
xxxxxxxx,           9
xxxxxxxx,          10
xxxxxxxx,          11
xxxxxxxx,          12
xx