Time resolution is 1 ps
Hello World!
instruction: 00000000
opcode: 13
rs1: 0f
rs2: 1a
rd: 0f
imm: 000009
funct3: 3
funct7: 20
name: Packet          0
instruction: 0097b793
opcode: 33
rs1: 0b
rs2: 01
rd: 0f
imm: 18764e
funct3: 7
funct7: 00
name: Packet          1
instruction: 0015f7b3
opcode: 33
rs1: 0f
rs2: 03
rd: 0f
imm: 1ac169
funct3: 6
funct7: 00
name: Packet          2
instruction: 0037e7b3
opcode: 33
rs1: 0b
rs2: 0e
rd: 0f
imm: 1856fd
funct3: 5
funct7: 20
name: Packet          3
instruction: 40e5d7b3
opcode: 33
rs1: 01
rs2: 00
rd: 0f
imm: 025de5
funct3: 5
funct7: 00
name: Packet          4
instruction: 0000d7b3
opcode: 33
rs1: 0b
rs2: 0c
rd: 0f
imm: 0deb3a
funct3: 4
funct7: 00
name: Packet          5
instruction: 00c5c7b3
opcode: 33
rs1: 0b
rs2: 0c
rd: 0f
imm: 1aa5b2
funct3: 3
funct7: 00
name: Packet          6
instruction: 00c5b7b3
opcode: 33
rs1: 0f
rs2: 03
rd: 0f
imm: 1656e2
funct3: 1
funct7: 00
name: Packet          7
instruction: 003797b3
opcode: 13
rs1: 04
rs2: 09
rd: 0b
imm: 000410
funct3: 5
funct7: 33
name: Packet          8
instruction: 41025593
opcode: 13
rs1: 01
rs2: 00
rd: 0f
imm: 000008
funct3: 5
funct7: 22
name: Packet          9
instruction: 0080d793
opcode: 13
rs1: 04
rs2: 14
rd: 04
imm: 00001e
funct3: 1
funct7: 65
name: Packet         10
instruction: 01e21213
opcode: 13
rs1: 05
rs2: 0e
rd: 0f
imm: 000019
funct3: 7
funct7: 78
name: Packet         11
instruction: 0192f793
opcode: 13
rs1: 03
rs2: 0a
rd: 0f
imm: 000012
funct3: 6
funct7: 04
name: Packet         12
instruction: 0121e793
opcode: 13
rs1: 02
rs2: 02
rd: 0f
imm: 000005
funct3: 4
funct7: 2f
name: Packet         13
instruction: 00514793
opcode: 67
rs1: 0f
rs2: 1c
rd: 0f
imm: 0fff94
funct3: 0
funct7: 44
name: Packet         14
instruction: f94787e7
opcode: 13
rs1: 0f
rs2: 04
rd: 0f
imm: 000008
funct3: 0
funct7: 4a
name: Packet         15
instruction: 00878793
opcode: 17
rs1: 10
rs2: 04
rd: 0f
imm: 000000
funct3: 3
funct7: 2b
name: Packet         16
instruction: 00000797
opcode: 13
rs1: 04
rs2: 18
rd: 04
imm: 000001
funct3: 0
funct7: 68
name: Packet         17
instruction: 00120213
opcode: 13
rs1: 02
rs2: 0d
rd: 02
imm: 000001
funct3: 0
funct7: 1a
name: Packet         18
instruction: 00110113
opcode: 23
rs1: 0b
rs2: 0c
rd: 04
imm: 000000
funct3: 0
funct7: 28
name: Packet         19
instruction: 00c58023
opcode: 23
rs1: 02
rs2: 0e
rd: 14
imm: 000000
funct3: 0
funct7: 4a
name: Packet         20
instruction: 00e10023
opcode: 03
rs1: 02
rs2: 10
rd: 0c
imm: 000000
funct3: 0
funct7: 45
name: Packet         21
instruction: 00010603
opcode: 03
rs1: 0b
rs2: 0c
rd: 0e
imm: 000000
funct3: 0
funct7: 7e
name: Packet         22
instruction: 00058703
opcode: 33
rs1: 06
rs2: 07
rd: 0b
imm: 1e83bc
funct3: 0
funct7: 00
name: Packet         23
instruction: 007305b3
opcode: 6f
rs1: 1f
rs2: 15
rd: 0f
imm: 1fffd8
funct3: 2
funct7: 1c
name: Packet         24
instruction: fd9ff7ef
opcode: 13
rs1: 08
rs2: 01
rd: 08
imm: 000001
funct3: 0
funct7: 5d
name: Packet         25
instruction: 00140413
opcode: 13
rs1: 09
rs2: 13
rd: 09
imm: 000001
funct3: 0
funct7: 2f
name: Packet         26
instruction: 00148493
opcode: 33
rs1: 08
rs2: 00
rd: 07
imm: 1f6162
funct3: 0
funct7: 00
name: Packet         27
instruction: 000403b3
opcode: 63
rs1: 00
rs2: 03
rd: 05
imm: 000008
funct3: 6
funct7: 7b
name: Packet         28
instruction: 00306463
opcode: 63
rs1: 0a
rs2: 0c
rd: 1a
imm: 000008
funct3: 4
funct7: 04
name: Packet         29
instruction: 00c54463
opcode: 03
rs1: 0b
rs2: 09
rd: 0c
imm: 000000
funct3: 0
funct7: 1e
name: Packet         30
instruction: 00058603
opcode: 33
rs1: 06
rs2: 07
rd: 0b
imm: 127067
funct3: 0
funct7: 00
name: Packet         31
instruction: 007305b3
opcode: 03
rs1: 09
rs2: 0c
rd: 0a
imm: 000000
funct3: 0
funct7: 3b
name: Packet         32
instruction: 00048503
opcode: 63
rs1: 0a
rs2: 00
rd: 1d
imm: 000028
funct3: 0
funct7: 73
name: Packet         33
instruction: 02050463
opcode: 33
rs1: 08
rs2: 03
rd: 0a
imm: 175c44
funct3: 2
funct7: 00
name: Packet         34
instruction: 00342533
opcode: 13
rs1: 02
rs2: 03
rd: 09
imm: 000001
funct3: 0
funct7: 62
name: Packet         35
instruction: 00110493
opcode: 13
rs1: 04
rs2: 0e
rd: 08
imm: 000001
funct3: 0
funct7: 1f
name: Packet         36
instruction: 00120413
opcode: 13
rs1: 04
rs2: 1e
rd: 07
imm: 000000
funct3: 0
funct7: 37
name: Packet         37
instruction: 00020393
opcode: 63
rs1: 03
rs2: 00
rd: 13
imm: 000064
funct3: 5
funct7: 74
name: Packet         38
instruction: 0601d263
opcode: 63
rs1: 07
rs2: 00
rd: 01
imm: 000008
funct3: 1
funct7: 68
name: Packet         39
instruction: 00039463
opcode: 13
rs1: 04
rs2: 01
rd: 07
imm: 000007
funct3: 2
funct7: 76
name: Packet         40
instruction: 00722393
opcode: 37
rs1: 0b
rs2: 01
rd: 00
imm: 000000
funct3: 0
funct7: 21
name: Packet         41
instruction: 00000037
opcode: 13
rs1: 02
rs2: 0d
rd: 06
imm: 000000
funct3: 0
funct7: 02
name: Packet         42
instruction: 00010313
opcode: 13
rs1: 03
rs2: 00
rd: 05
imm: 0fffff
funct3: 0
funct7: 4d
name: Packet         43
instruction: fff18293
opcode: 37
rs1: 18
rs2: 08
rd: 04
imm: 000000
funct3: 6
funct7: 1c
name: Packet         44
instruction: 00000237
opcode: 13
rs1: 03
rs2: 07
rd: 03
imm: 000008
funct3: 0
funct7: 56
name: Packet         45
instruction: 00818193
opcode: 37
rs1: 12
rs2: 07
rd: 03
imm: 000000
funct3: 5
funct7: 79
name: Packet         46
instruction: 000001b7
opcode: 13
rs1: 02
rs2: 0f
rd: 02
imm: 0ffffc
funct3: 0
funct7: 7d
name: Packet         47
instruction: ffc10113
opcode: 63
rs1: 00
rs2: 0f
rd: 1d
imm: 0000c4
funct3: 7
funct7: 61
name: Packet         48
instruction: 0cf07263
opcode: 03
rs1: 02
rs2: 1d
rd: 0f
imm: 000000
funct3: 2
funct7: 6f
name: Packet         49
instruction: 00012783
opcode: 23
rs1: 02
rs2: 01
rd: 10
imm: 000000
funct3: 2
funct7: 38
name: Packet         50
instruction: 00112023
opcode: 13
rs1: 01
rs2: 00
rd: 01
imm: 000602
funct3: 0
funct7: 6e
name: Packet         51
instruction: 60208093
opcode: 37
rs1: 0d
rs2: 03
rd: 01
imm: 008090
funct3: 0
funct7: 6e
name: Packet         52
instruction: 080900b7
opcode: 13
rs1: 02
rs2: 11
rd: 02
imm: 000002
funct3: 0
funct7: 62
name: Packet         53
instruction: 00210113
opcode: 03
rs1: 02
rs2: 03
rd: 0f
imm: 000000
funct3: 5
funct7: 20
name: Packet         54
instruction: 00015783
opcode: 03
rs1: 02
rs2: 07
rd: 0f
imm: 000000
funct3: 1
funct7: 5b
name: Packet         55
instruction: 00011783
opcode: 23
rs1: 02
rs2: 01
rd: 04
imm: 000000
funct3: 1
funct7: 1b
name: Packet         56
instruction: 00111023
opcode: 13
rs1: 01
rs2: 1b
rd: 01
imm: 000600
funct3: 0
funct7: 1b
name: Packet         57
instruction: 60008093
opcode: 13
rs1: 02
rs2: 01
rd: 02
imm: 000001
funct3: 0
funct7: 30
name: Packet         58
instruction: 00110113
opcode: 03
rs1: 02
rs2: 09
rd: 0f
imm: 000000
funct3: 0
funct7: 66
name: Packet         59
instruction: 00010783
opcode: 23
rs1: 02
rs2: 01
rd: 02
imm: 000000
funct3: 0
funct7: 4f
name: Packet         60
instruction: 00110023
opcode: 13
rs1: 01
rs2: 08
rd: 01
imm: 0ffffe
funct3: 0
funct7: 49
name: Packet         61
instruction: ffe08093
opcode: 13
rs1: 02
rs2: 05
rd: 02
imm: 000001
funct3: 0
funct7: 50
name: Packet         62
instruction: 00110113
opcode: 03
rs1: 02
rs2: 1f
rd: 0f
imm: 000000
funct3: 4
funct7: 26
name: Packet         63
instruction: 00014783
opcode: 03
rs1: 02
rs2: 03
rd: 0f
imm: 000000
funct3: 0
funct7: 1e
name: Packet         64
instruction: 00010783
opcode: 23
rs1: 02
rs2: 01
rd: 14
imm: 000000
funct3: 0
funct7: 6a
name: Packet         65
instruction: 00110023
opcode: 13
rs1: 01
rs2: 06
rd: 01
imm: 000005
funct3: 0
funct7: 2b
name: Packet         66
instruction: 00508093
opcode: 37
rs1: 06
rs2: 04
rd: 01
imm: 000000
funct3: 5
funct7: 4d
name: Packet         67
instruction: 000000b7
opcode: 13
rs1: 02
rs2: 17
rd: 02
imm: 000456
funct3: 0
funct7: 39
name: Packet         68
instruction: 45610113
opcode: 37
rs1: 0e
rs2: 11
rd: 02
imm: 000123
funct3: 2
funct7: 7b
name: Packet         69
$stop called at time : 17050 ns : File "E:/CE409/ASIC-Verification-Methodology/RISC-V/RISC-V.srcs/sim_1/new/test.sv" Line 592
$finish called at time : 17050 ns : File "E:/CE409/ASIC-Verification-Methodology/RISC-V/RISC-V.srcs/sim_1/new/test.sv" 